2020-06-30 21:11:27,600 [INFO] Activator:176 - 


2020-06-30 21:11:27,616 [INFO] Activator:177 - !SESSION log4j initialized
2020-06-30 21:11:34,463 [INFO] ApplicationProperties:181 - Using Application install path: C:\ST\STM32CubeIDE_1.1.0\STM32CubeIDE\plugins\com.st.stm32cube.common.mx_5.4.0.201910091541
2020-06-30 21:11:34,521 [INFO] DbMcusXml:68 - Set database path to: C:\ST\STM32CubeIDE_1.1.0\STM32CubeIDE\plugins\com.st.stm32cube.common.mx_5.4.0.201910091541\\db\/mcu/
2020-06-30 21:11:34,521 [INFO] DbBoardsPdsc:54 - Set plugin database path to: C:\ST\STM32CubeIDE_1.1.0\STM32CubeIDE\plugins\com.st.stm32cube.common.mx_5.4.0.201910091541\\db\/plugins/boardmanager/
2020-06-30 21:11:34,536 [INFO] DbMcus:265 - Set plugin images path to: C:\ST\STM32CubeIDE_1.1.0\STM32CubeIDE\plugins\com.st.stm32cube.common.mx_5.4.0.201910091541\\db\/plugins/mcufinder/images/
2020-06-30 21:11:34,536 [INFO] DbBoards:232 - Set plugin images path to: C:\ST\STM32CubeIDE_1.1.0\STM32CubeIDE\plugins\com.st.stm32cube.common.mx_5.4.0.201910091541\\db\/plugins/mcufinder/images/
2020-06-30 21:11:34,552 [INFO] APIGFXSelector:72 - Set database path to: C:\ST\STM32CubeIDE_1.1.0\STM32CubeIDE\plugins\com.st.stm32cube.common.mx_5.4.0.201910091541\\db\/plugins/mcufinder/mcu/
2020-06-30 21:11:34,874 [INFO] DbMcusAds:72 - Set database path to: C:\Users\andre\.stmcufinder\plugins\mcufinder//mcu/
2020-06-30 21:11:34,874 [INFO] DbMcusDocs:92 - Set database path to: C:\Users\andre\.stmcufinder\plugins\mcufinder//mcu/
2020-06-30 21:11:34,874 [INFO] DbMcusJson:59 - Set database path to: C:\Users\andre\.stmcufinder\plugins\mcufinder//mcu/
2020-06-30 21:11:34,874 [INFO] DbBoardsDocs:84 - Set database path to: C:\Users\andre\.stmcufinder\plugins\mcufinder//mcu/
2020-06-30 21:11:34,874 [INFO] DbBoardsJson:51 - Set database path to: C:\Users\andre\.stmcufinder\plugins\mcufinder//mcu/
2020-06-30 21:11:35,202 [INFO] CrossReferenceDbSqlite:197 - Set database path to: C:\Users\andre\.stmcufinder\plugins\mcufinder//mcu/cs/
2020-06-30 21:11:35,514 [INFO] RulesReader:52 - Compatibility file has been processed (179 Rules)
2020-06-30 21:11:35,905 [INFO] MicroXplorer:570 - Detected Java Version = 1.8.0_202
2020-06-30 21:11:35,905 [INFO] DbMcusXml:68 - Set database path to: C:\ST\STM32CubeIDE_1.1.0\STM32CubeIDE\plugins\com.st.stm32cube.common.mx_5.4.0.201910091541\\db\/mcu/
2020-06-30 21:11:35,905 [INFO] DbBoardsPdsc:54 - Set plugin database path to: C:\ST\STM32CubeIDE_1.1.0\STM32CubeIDE\plugins\com.st.stm32cube.common.mx_5.4.0.201910091541\\db\/plugins/boardmanager/
2020-06-30 21:11:35,905 [INFO] DbMcus:265 - Set plugin images path to: C:\ST\STM32CubeIDE_1.1.0\STM32CubeIDE\plugins\com.st.stm32cube.common.mx_5.4.0.201910091541\\db\/plugins/mcufinder/images/
2020-06-30 21:11:35,905 [INFO] DbBoards:232 - Set plugin images path to: C:\ST\STM32CubeIDE_1.1.0\STM32CubeIDE\plugins\com.st.stm32cube.common.mx_5.4.0.201910091541\\db\/plugins/mcufinder/images/
2020-06-30 21:11:35,905 [INFO] APIGFXSelector:72 - Set database path to: C:\ST\STM32CubeIDE_1.1.0\STM32CubeIDE\plugins\com.st.stm32cube.common.mx_5.4.0.201910091541\\db\/plugins/mcufinder/mcu/
2020-06-30 21:11:35,905 [WARN] DbFile:31 - Overriding database path with different value: C:\Users\andre\.stmcufinder\plugins\mcufinder/ => C:\Users\andre\.stmcufinder\plugins\mcufinder
2020-06-30 21:11:35,905 [INFO] DbMcusAds:72 - Set database path to: C:\Users\andre\.stmcufinder\plugins\mcufinder//mcu/
2020-06-30 21:11:35,905 [WARN] DbFile:31 - Overriding database path with different value: C:\Users\andre\.stmcufinder\plugins\mcufinder/ => C:\Users\andre\.stmcufinder\plugins\mcufinder
2020-06-30 21:11:35,905 [INFO] DbMcusDocs:92 - Set database path to: C:\Users\andre\.stmcufinder\plugins\mcufinder//mcu/
2020-06-30 21:11:35,905 [WARN] DbFile:31 - Overriding database path with different value: C:\Users\andre\.stmcufinder\plugins\mcufinder/ => C:\Users\andre\.stmcufinder\plugins\mcufinder
2020-06-30 21:11:35,905 [INFO] DbMcusJson:59 - Set database path to: C:\Users\andre\.stmcufinder\plugins\mcufinder//mcu/
2020-06-30 21:11:35,905 [WARN] DbFile:31 - Overriding database path with different value: C:\Users\andre\.stmcufinder\plugins\mcufinder/ => C:\Users\andre\.stmcufinder\plugins\mcufinder
2020-06-30 21:11:35,905 [INFO] DbBoardsDocs:84 - Set database path to: C:\Users\andre\.stmcufinder\plugins\mcufinder//mcu/
2020-06-30 21:11:35,905 [WARN] DbFile:31 - Overriding database path with different value: C:\Users\andre\.stmcufinder\plugins\mcufinder/ => C:\Users\andre\.stmcufinder\plugins\mcufinder
2020-06-30 21:11:35,905 [INFO] DbBoardsJson:51 - Set database path to: C:\Users\andre\.stmcufinder\plugins\mcufinder//mcu/
2020-06-30 21:11:35,905 [WARN] DbFile:31 - Overriding database path with different value: C:\Users\andre\.stmcufinder\plugins\mcufinder/ => C:\Users\andre\.stmcufinder\plugins\mcufinder
2020-06-30 21:11:35,905 [WARN] DbFile:31 - Overriding database path with different value: C:\Users\andre\.stmcufinder\plugins\mcufinder/ => C:\Users\andre\.stmcufinder\plugins\mcufinder
2020-06-30 21:11:35,905 [INFO] CrossReferenceDbSqlite:197 - Set database path to: C:\Users\andre\.stmcufinder\plugins\mcufinder//mcu/cs/
2020-06-30 21:11:36,280 [INFO] MainPanel:185 - HeapMemory: 310378496
2020-06-30 21:11:36,701 [INFO] DbMcusXml:68 - Set database path to: C:\ST\STM32CubeIDE_1.1.0\STM32CubeIDE\plugins\com.st.stm32cube.common.mx_5.4.0.201910091541\\db\/mcu/
2020-06-30 21:11:36,701 [INFO] DbBoardsPdsc:54 - Set plugin database path to: C:\ST\STM32CubeIDE_1.1.0\STM32CubeIDE\plugins\com.st.stm32cube.common.mx_5.4.0.201910091541\\db\/plugins/boardmanager/
2020-06-30 21:11:36,701 [INFO] DbMcus:265 - Set plugin images path to: C:\ST\STM32CubeIDE_1.1.0\STM32CubeIDE\plugins\com.st.stm32cube.common.mx_5.4.0.201910091541\\db\/plugins/mcufinder/images/
2020-06-30 21:11:36,701 [INFO] DbBoards:232 - Set plugin images path to: C:\ST\STM32CubeIDE_1.1.0\STM32CubeIDE\plugins\com.st.stm32cube.common.mx_5.4.0.201910091541\\db\/plugins/mcufinder/images/
2020-06-30 21:11:36,701 [INFO] APIGFXSelector:72 - Set database path to: C:\ST\STM32CubeIDE_1.1.0\STM32CubeIDE\plugins\com.st.stm32cube.common.mx_5.4.0.201910091541\\db\/plugins/mcufinder/mcu/
2020-06-30 21:11:36,717 [WARN] DbFile:31 - Overriding database path with different value: C:\Users\andre\.stmcufinder\plugins\mcufinder/ => C:\Users\andre\.stmcufinder\plugins\mcufinder
2020-06-30 21:11:36,717 [INFO] DbMcusAds:72 - Set database path to: C:\Users\andre\.stmcufinder\plugins\mcufinder//mcu/
2020-06-30 21:11:36,733 [WARN] DbFile:31 - Overriding database path with different value: C:\Users\andre\.stmcufinder\plugins\mcufinder/ => C:\Users\andre\.stmcufinder\plugins\mcufinder
2020-06-30 21:11:36,733 [INFO] DbMcusDocs:92 - Set database path to: C:\Users\andre\.stmcufinder\plugins\mcufinder//mcu/
2020-06-30 21:11:36,733 [WARN] DbFile:31 - Overriding database path with different value: C:\Users\andre\.stmcufinder\plugins\mcufinder/ => C:\Users\andre\.stmcufinder\plugins\mcufinder
2020-06-30 21:11:36,733 [INFO] DbMcusJson:59 - Set database path to: C:\Users\andre\.stmcufinder\plugins\mcufinder//mcu/
2020-06-30 21:11:36,733 [WARN] DbFile:31 - Overriding database path with different value: C:\Users\andre\.stmcufinder\plugins\mcufinder/ => C:\Users\andre\.stmcufinder\plugins\mcufinder
2020-06-30 21:11:36,733 [INFO] DbBoardsDocs:84 - Set database path to: C:\Users\andre\.stmcufinder\plugins\mcufinder//mcu/
2020-06-30 21:11:36,733 [WARN] DbFile:31 - Overriding database path with different value: C:\Users\andre\.stmcufinder\plugins\mcufinder/ => C:\Users\andre\.stmcufinder\plugins\mcufinder
2020-06-30 21:11:36,733 [INFO] DbBoardsJson:51 - Set database path to: C:\Users\andre\.stmcufinder\plugins\mcufinder//mcu/
2020-06-30 21:11:36,733 [WARN] DbFile:31 - Overriding database path with different value: C:\Users\andre\.stmcufinder\plugins\mcufinder/ => C:\Users\andre\.stmcufinder\plugins\mcufinder
2020-06-30 21:11:36,733 [WARN] DbFile:31 - Overriding database path with different value: C:\Users\andre\.stmcufinder\plugins\mcufinder/ => C:\Users\andre\.stmcufinder\plugins\mcufinder
2020-06-30 21:11:36,733 [INFO] CrossReferenceDbSqlite:197 - Set database path to: C:\Users\andre\.stmcufinder\plugins\mcufinder//mcu/cs/
2020-06-30 21:11:36,748 [INFO] ApplicationProperties:181 - Using Application install path: C:\ST\STM32CubeIDE_1.1.0\STM32CubeIDE\plugins\com.st.stm32cube.common.mx_5.4.0.201910091541
2020-06-30 21:11:36,764 [INFO] PluginManage:178 - Search for loadable plugins [exclusion list=]
2020-06-30 21:11:36,764 [INFO] PluginManage:292 - Check plugin analytics
2020-06-30 21:11:36,858 [INFO] PluginManage:342 - Loaded plugin analytics (category:tool,tabindex:-1)
2020-06-30 21:11:36,858 [INFO] PluginManage:292 - Check plugin clock
2020-06-30 21:11:36,936 [INFO] PluginManage:342 - Loaded plugin clock (category:base,tabindex:2)
2020-06-30 21:11:36,936 [INFO] PluginManage:292 - Check plugin ddr
2020-06-30 21:11:36,967 [INFO] PluginManage:342 - Loaded plugin ddr (category:tool,tabindex:6)
2020-06-30 21:11:36,983 [INFO] PluginManage:292 - Check plugin filemanager
2020-06-30 21:11:37,264 [INFO] PluginManage:342 - Loaded plugin filemanager (category:base,tabindex:10)
2020-06-30 21:11:37,264 [INFO] PluginManage:292 - Check plugin ipmanager
2020-06-30 21:11:37,295 [INFO] PluginManage:342 - Loaded plugin ipmanager (category:base,tabindex:5)
2020-06-30 21:11:37,295 [INFO] PluginManage:292 - Check plugin pinoutandconfiguration
2020-06-30 21:11:37,357 [INFO] PluginManage:342 - Loaded plugin pinoutandconfiguration (category:base,tabindex:1)
2020-06-30 21:11:37,357 [INFO] PluginManage:292 - Check plugin pinoutconfig
2020-06-30 21:11:37,514 [INFO] PluginManage:342 - Loaded plugin pinoutconfig (category:base,tabindex:0)
2020-06-30 21:11:37,514 [INFO] PluginManage:292 - Check plugin power
2020-06-30 21:11:37,592 [INFO] PluginManage:342 - Loaded plugin power (category:power,tabindex:4)
2020-06-30 21:11:37,592 [INFO] PluginManage:292 - Check plugin projectmanager
2020-06-30 21:11:37,639 [INFO] PluginManage:342 - Loaded plugin projectmanager (category:projectmanager,tabindex:3)
2020-06-30 21:11:37,639 [INFO] PluginManage:292 - Check plugin thirdparty
2020-06-30 21:11:37,857 [INFO] ThirdPartyDb:294 - Open Third Party DataBase File (C:/Users/andre/.stm32cubemx/plugins/thirdparty/db/thirdparties_db.xml) : 62 ms. number of Sw pack : 17
2020-06-30 21:11:37,904 [INFO] PluginManage:342 - Loaded plugin thirdparty (category:base,tabindex:-1)
2020-06-30 21:11:37,904 [INFO] PluginManage:292 - Check plugin tools
2020-06-30 21:11:37,920 [INFO] PluginManage:342 - Loaded plugin tools (category:base,tabindex:7)
2020-06-30 21:11:37,920 [INFO] PluginManage:292 - Check plugin updater
2020-06-30 21:11:37,951 [INFO] PluginManage:342 - Loaded plugin updater (category:base,tabindex:12)
2020-06-30 21:11:37,951 [INFO] PluginManage:265 - PluginManage : Loaded plugins [12]
2020-06-30 21:11:38,467 [INFO] PinOutPanel:1367 - setPackage(No Configuration,No Configuration)
2020-06-30 21:11:38,857 [INFO] IPUIPlugin:63 - create IPUIPlugin
2020-06-30 21:11:38,857 [INFO] PluginManager:200 - loadIPPluginJar : add adc
2020-06-30 21:11:38,888 [INFO] IPUIPlugin:63 - create IPUIPlugin
2020-06-30 21:11:38,888 [INFO] PluginManager:200 - loadIPPluginJar : add aes
2020-06-30 21:11:38,904 [INFO] IPUIPlugin:63 - create IPUIPlugin
2020-06-30 21:11:38,904 [INFO] PluginManager:200 - loadIPPluginJar : add can
2020-06-30 21:11:38,920 [INFO] IPUIPlugin:63 - create IPUIPlugin
2020-06-30 21:11:38,920 [INFO] PluginManager:200 - loadIPPluginJar : add comp
2020-06-30 21:11:38,951 [INFO] IPUIPlugin:63 - create IPUIPlugin
2020-06-30 21:11:38,951 [INFO] PluginManager:200 - loadIPPluginJar : add cryp
2020-06-30 21:11:38,967 [INFO] IPUIPlugin:63 - create IPUIPlugin
2020-06-30 21:11:38,967 [INFO] PluginManager:200 - loadIPPluginJar : add dfsdm
2020-06-30 21:11:38,998 [INFO] IPUIPlugin:63 - create IPUIPlugin
2020-06-30 21:11:38,998 [INFO] PluginManager:200 - loadIPPluginJar : add dma
2020-06-30 21:11:39,029 [INFO] IPUIPlugin:63 - create IPUIPlugin
2020-06-30 21:11:39,029 [INFO] PluginManager:200 - loadIPPluginJar : add fatfs
2020-06-30 21:11:39,169 [INFO] IPUIPlugin:63 - create IPUIPlugin
2020-06-30 21:11:39,169 [INFO] PluginManager:200 - loadIPPluginJar : add fmc
2020-06-30 21:11:39,216 [INFO] IPUIPlugin:63 - create IPUIPlugin
2020-06-30 21:11:39,216 [INFO] PluginManager:200 - loadIPPluginJar : add freertos
2020-06-30 21:11:39,248 [INFO] IPUIPlugin:63 - create IPUIPlugin
2020-06-30 21:11:39,248 [INFO] PluginManager:200 - loadIPPluginJar : add genericplugin
2020-06-30 21:11:39,263 [INFO] IPUIPlugin:63 - create IPUIPlugin
2020-06-30 21:11:39,279 [INFO] PluginManager:200 - loadIPPluginJar : add gfxmmu
2020-06-30 21:11:39,294 [INFO] IPUIPlugin:63 - create IPUIPlugin
2020-06-30 21:11:39,294 [INFO] PluginManager:200 - loadIPPluginJar : add gfxsimulator
2020-06-30 21:11:39,373 [INFO] IPUIPlugin:63 - create IPUIPlugin
2020-06-30 21:11:39,373 [INFO] PluginManager:200 - loadIPPluginJar : add gic
2020-06-30 21:11:39,404 [INFO] IPUIPlugin:63 - create IPUIPlugin
2020-06-30 21:11:39,404 [INFO] PluginManager:200 - loadIPPluginJar : add gpio
2020-06-30 21:11:39,419 [INFO] IPUIPlugin:63 - create IPUIPlugin
2020-06-30 21:11:39,419 [INFO] PluginManager:200 - loadIPPluginJar : add gtzc
2020-06-30 21:11:39,435 [INFO] IPUIPlugin:63 - create IPUIPlugin
2020-06-30 21:11:39,435 [INFO] PluginManager:200 - loadIPPluginJar : add hash
2020-06-30 21:11:39,451 [INFO] IPUIPlugin:63 - create IPUIPlugin
2020-06-30 21:11:39,451 [INFO] PluginManager:200 - loadIPPluginJar : add i2c
2020-06-30 21:11:39,466 [INFO] IPUIPlugin:63 - create IPUIPlugin
2020-06-30 21:11:39,466 [INFO] PluginManager:200 - loadIPPluginJar : add i2s
2020-06-30 21:11:39,513 [INFO] IPUIPlugin:63 - create IPUIPlugin
2020-06-30 21:11:39,513 [INFO] PluginManager:200 - loadIPPluginJar : add ipddr
2020-06-30 21:11:39,529 [INFO] IPUIPlugin:63 - create IPUIPlugin
2020-06-30 21:11:39,529 [INFO] PluginManager:200 - loadIPPluginJar : add ltdc
2020-06-30 21:11:39,544 [INFO] IPUIPlugin:63 - create IPUIPlugin
2020-06-30 21:11:39,544 [INFO] PluginManager:200 - loadIPPluginJar : add mdma
2020-06-30 21:11:39,544 [INFO] IPUIPlugin:63 - create IPUIPlugin
2020-06-30 21:11:39,544 [INFO] PluginManager:200 - loadIPPluginJar : add nvic
2020-06-30 21:11:39,576 [INFO] IPUIPlugin:63 - create IPUIPlugin
2020-06-30 21:11:39,576 [INFO] PluginManager:200 - loadIPPluginJar : add opamp
2020-06-30 21:11:39,607 [INFO] IPUIPlugin:63 - create IPUIPlugin
2020-06-30 21:11:39,607 [INFO] PluginManager:200 - loadIPPluginJar : add pdm2pcm
2020-06-30 21:11:39,654 [INFO] IPUIPlugin:63 - create IPUIPlugin
2020-06-30 21:11:39,654 [INFO] PluginManager:200 - loadIPPluginJar : add plateformsettings
2020-06-30 21:11:39,669 [INFO] IPUIPlugin:63 - create IPUIPlugin
2020-06-30 21:11:39,669 [INFO] PluginManager:200 - loadIPPluginJar : add quadspi
2020-06-30 21:11:39,685 [INFO] IPUIPlugin:63 - create IPUIPlugin
2020-06-30 21:11:39,685 [INFO] PluginManager:200 - loadIPPluginJar : add resmgrutility
2020-06-30 21:11:39,701 [INFO] IPUIPlugin:63 - create IPUIPlugin
2020-06-30 21:11:39,701 [INFO] PluginManager:200 - loadIPPluginJar : add sai
2020-06-30 21:11:39,716 [INFO] IPUIPlugin:63 - create IPUIPlugin
2020-06-30 21:11:39,716 [INFO] PluginManager:200 - loadIPPluginJar : add spi
2020-06-30 21:11:39,732 [INFO] IPUIPlugin:63 - create IPUIPlugin
2020-06-30 21:11:39,732 [INFO] PluginManager:200 - loadIPPluginJar : add stm32_wpan
2020-06-30 21:11:39,747 [INFO] IPUIPlugin:63 - create IPUIPlugin
2020-06-30 21:11:39,747 [INFO] PluginManager:200 - loadIPPluginJar : add tim
2020-06-30 21:11:39,763 [INFO] IPUIPlugin:63 - create IPUIPlugin
2020-06-30 21:11:39,763 [INFO] PluginManager:200 - loadIPPluginJar : add touchsensing
2020-06-30 21:11:39,810 [INFO] IPUIPlugin:63 - create IPUIPlugin
2020-06-30 21:11:39,810 [INFO] PluginManager:200 - loadIPPluginJar : add tracer_emb
2020-06-30 21:11:39,841 [INFO] IPUIPlugin:63 - create IPUIPlugin
2020-06-30 21:11:39,841 [INFO] PluginManager:200 - loadIPPluginJar : add ts
2020-06-30 21:11:39,857 [INFO] IPUIPlugin:63 - create IPUIPlugin
2020-06-30 21:11:39,857 [INFO] PluginManager:200 - loadIPPluginJar : add tsc
2020-06-30 21:11:39,857 [INFO] IPUIPlugin:63 - create IPUIPlugin
2020-06-30 21:11:39,857 [INFO] PluginManager:200 - loadIPPluginJar : add ucpd
2020-06-30 21:11:39,872 [INFO] IPUIPlugin:63 - create IPUIPlugin
2020-06-30 21:11:39,872 [INFO] PluginManager:200 - loadIPPluginJar : add usart
2020-06-30 21:11:40,732 [INFO] BoardConnectionPanel:220 - [DDR PANEL] osNameString: Windows
2020-06-30 21:11:41,107 [INFO] BoardConnectionPanel:3149 - [DDR PANEL] STM32CubeIDE environment
2020-06-30 21:11:41,107 [INFO] MainDdrPanel:100 - [DDR PANEL] GETTER - cubeProgrammerPath is: null
2020-06-30 21:11:41,759 [FATAL] Updater:277 - Updater called before beeing initialized
2020-06-30 21:11:42,446 [FATAL] Updater:277 - Updater called before beeing initialized
2020-06-30 21:11:42,446 [INFO] PinOutPanel:1367 - setPackage(No Configuration,No Configuration)
2020-06-30 21:11:42,446 [FATAL] Updater:277 - Updater called before beeing initialized
2020-06-30 21:11:42,446 [INFO] BoardConnectionPanel:3149 - [DDR PANEL] STM32CubeIDE environment
2020-06-30 21:11:42,446 [INFO] MainDdrPanel:100 - [DDR PANEL] GETTER - cubeProgrammerPath is: C:\ST\STM32CubeIDE_1.1.0\STM32CubeIDE\plugins\com.st.stm32cube.ide.mcu.externaltools.cubeprogrammer.win32_1.1.0.201910081157\tools\bin
2020-06-30 21:11:42,462 [INFO] ProgrammerExecThread:148 - [ProgrammerAPI] CubeProgrammer command construction: C:\ST\STM32CubeIDE_1.1.0\STM32CubeIDE\plugins\com.st.stm32cube.ide.mcu.externaltools.cubeprogrammer.win32_1.1.0.201910081157\tools\bin\STM32_Programmer_CLI.exe -l
2020-06-30 21:11:43,774 [INFO] MainDdrPanel:90 - [DDR PANEL] SETTER - Set cubeProgrammerPath to: C:\ST\STM32CubeIDE_1.1.0\STM32CubeIDE\plugins\com.st.stm32cube.ide.mcu.externaltools.cubeprogrammer.win32_1.1.0.201910081157\tools\bin
2020-06-30 21:11:43,868 [INFO] Updater:886 - Updater Version found : 5.4.0
2020-06-30 21:11:43,915 [FATAL] Updater:277 - Updater called before beeing initialized
2020-06-30 21:11:43,915 [ERROR] IntegrityCheckThread:230 - Cannot obtain thirdParties list 21
2020-06-30 21:11:43,915 [ERROR] IntegrityCheckThread:99 - Unexpected exception IntegrityCheckThread Thread: Updater error
2020-06-30 21:11:43,915 [INFO] ThirdPartyDb:264 - Close Third Party DataBase File (C:/Users/andre/.stm32cubemx/plugins/thirdparty/db/thirdparties_db.xml)
2020-06-30 21:11:43,993 [INFO] ApplicationProperties:181 - Using Application install path: C:\ST\STM32CubeIDE_1.1.0\STM32CubeIDE\plugins\com.st.stm32cube.common.mx_5.4.0.201910091541
2020-06-30 21:11:44,836 [INFO] MainUpdater:2232 - connection check result : 10
2020-06-30 21:11:44,836 [INFO] MainUpdater:236 - Updater Check For Update Now.
2020-06-30 21:11:44,836 [INFO] MicroXplorer:420 - Change Database Version : DB.5.0.40
2020-06-30 21:11:44,993 [INFO] CheckServerUpdateThread:92 - End of CheckServer Thread
2020-06-30 21:11:45,086 [INFO] MainUpdater:2232 - connection check result : 10
2020-06-30 21:11:45,086 [INFO] LogOutputStream:76 - [STDOUT_REDIRECT] Successfull proxy connection.
2020-06-30 21:11:45,774 [INFO] McuFinderGlobals:40 - Set McuFinder mode to 2 (CubeIDE integrated)
2020-06-30 21:11:45,836 [INFO] FinderPluginLoader:86 - Searching for filters in installed packs
2020-06-30 21:11:45,836 [INFO] DbMcusXml:106 - Load MCU database from C:\ST\STM32CubeIDE_1.1.0\STM32CubeIDE\plugins\com.st.stm32cube.common.mx_5.4.0.201910091541\\db\/mcu/families.xml
2020-06-30 21:11:47,305 [INFO] DbMcusJson:87 - JSON generation date=Wed Apr 15 02:54:18 BRT 2020 (1586930058)
2020-06-30 21:11:48,664 [INFO] DbMcus:193 - Found 1544 MCUs (1504 are supported by CubeMX, 1504 are visible in CubeMX)
2020-06-30 21:11:48,695 [INFO] ApiDb:158 - Load user favorites file C:\Users\andre/.stm32cubeide/favorites.mcus.txt: 0 item(s)
2020-06-30 21:11:48,695 [INFO] ApiDb:163 - User favorites MCUs=[]
2020-06-30 21:11:48,695 [INFO] DbMcus:204 - Set 0 / 0 favorites MCUs
2020-06-30 21:11:50,007 [INFO] DbMcusAds:130 - JSON generation date=Thu Apr 30 10:50:56 BRT 2020 (1588254656)
2020-06-30 21:11:50,257 [INFO] ServerAccessManage:348 - Download File 
2020-06-30 21:11:50,319 [INFO] LoadUrlFilesThread:161 - End of LoadServerUrlFiles without Thread
2020-06-30 21:11:50,398 [INFO] McuDetailPanel:180 - Set advertising image to C:/Users/andre/STM32Cube/Repository/\PR_STM32Cube_GitHub_0320_V1.png
2020-06-30 21:11:51,663 [INFO] ServerAccessManage:348 - Download File mcusDocs.json
2020-06-30 21:11:52,288 [INFO] LoadUrlFilesThread:134 - End of LoadUrlFiles Thread
2020-06-30 21:11:52,819 [INFO] ServerAccessManage:348 - Download File mcusFeaturesAndDescription.json
2020-06-30 21:12:19,032 [ERROR] ServerAccessManage:517 - User Cancel Download : mcusFeaturesAndDescription.json.
2020-06-30 21:12:19,032 [INFO] LoadUrlFilesThread:134 - End of LoadUrlFiles Thread
2020-06-30 21:12:19,792 [INFO] ServerAccessManage:348 - Download File crdb.zip
2020-06-30 21:12:20,210 [INFO] DbMcusDocs:126 - JSON generation date=Wed Jun 03 12:10:31 BRT 2020 (1591197031)
2020-06-30 21:12:20,245 [ERROR] ServerAccessManage:517 - User Cancel Download : crdb.zip.
2020-06-30 21:12:20,246 [INFO] LoadUrlFilesThread:134 - End of LoadUrlFiles Thread
2020-06-30 21:12:20,438 [INFO] DbMcusDocs:61 - Found 563 MCUs documents
2020-06-30 21:12:20,438 [INFO] ApiDb:186 - Save user favorites file C:\Users\andre/.stm32cubeide/favorites.mcus.txt: 0 item(s)
2020-06-30 21:12:20,439 [INFO] ApiDb:191 - User favorites MCUs=[]
2020-06-30 21:12:20,439 [INFO] DbMcusXml:106 - Load MCU database from C:\ST\STM32CubeIDE_1.1.0\STM32CubeIDE\plugins\com.st.stm32cube.common.mx_5.4.0.201910091541\\db\/mcu/families.xml
2020-06-30 21:12:20,864 [INFO] DbMcusJson:87 - JSON generation date=Wed Apr 15 02:54:18 BRT 2020 (1586930058)
2020-06-30 21:12:21,365 [INFO] DbMcus:193 - Found 1544 MCUs (1504 are supported by CubeMX, 1504 are visible in CubeMX)
2020-06-30 21:12:21,365 [INFO] ApiDb:158 - Load user favorites file C:\Users\andre/.stm32cubeide/favorites.mcus.txt: 0 item(s)
2020-06-30 21:12:21,366 [INFO] ApiDb:163 - User favorites MCUs=[]
2020-06-30 21:12:21,366 [INFO] DbMcus:204 - Set 0 / 0 favorites MCUs
2020-06-30 21:12:21,507 [INFO] McuFilterPanel:282 - Update 0 favorites MCUs
2020-06-30 21:12:22,009 [INFO] DbBoardsDocs:118 - JSON generation date=Wed Apr 15 02:54:18 BRT 2020 (1586930058)
2020-06-30 21:12:22,085 [INFO] DbBoardsPdsc:92 - Found 19 items
2020-06-30 21:12:22,159 [INFO] DbBoardsPdsc:92 - Found 9 items
2020-06-30 21:12:22,171 [INFO] DbBoardsPdsc:92 - Found 27 items
2020-06-30 21:12:22,229 [INFO] DbBoardsPdsc:92 - Found 1 items
2020-06-30 21:12:22,266 [INFO] DbBoardsPdsc:92 - Found 38 items
2020-06-30 21:12:22,294 [INFO] DbBoardsPdsc:92 - Found 38 items
2020-06-30 21:12:22,309 [INFO] DbBoardsPdsc:92 - Found 1 items
2020-06-30 21:12:22,358 [INFO] DbBoardsJson:79 - JSON generation date=Tue Feb 11 11:53:55 BRST 2020 (1581429235)
2020-06-30 21:12:22,362 [INFO] DbBoards:120 - Found 137 boards (132 are supported by CubeMX)
2020-06-30 21:12:22,365 [INFO] DbBoardsDocs:118 - JSON generation date=Wed Apr 15 02:54:18 BRT 2020 (1586930058)
2020-06-30 21:12:22,378 [INFO] DbBoardsDocs:57 - Found 157 boards documents
2020-06-30 21:12:22,380 [WARN] DbBoards:130 - board NUCLEO-H743ZI2 has no document id list !
2020-06-30 21:12:22,381 [WARN] DbBoards:130 - board P-NUCLEO-WB55-Nucleo has no document id list !
2020-06-30 21:12:22,381 [WARN] DbBoards:130 - board P-NUCLEO-WB55-USBDongle has no document id list !
2020-06-30 21:12:22,382 [WARN] DbBoards:130 - board STM32F401C-DISCO has no document id list !
2020-06-30 21:12:22,382 [WARN] DbBoards:130 - board STM32F769I-DISC1 has no document id list !
2020-06-30 21:12:22,382 [WARN] DbBoards:152 - board STM32F723E-DISCO / document id not found: 4598
2020-06-30 21:12:22,382 [WARN] DbBoards:130 - board STM32L-DISCOVERY has no document id list !
2020-06-30 21:12:22,383 [WARN] DbBoards:152 - board STM32L496G-DISCO / document id not found: 4598
2020-06-30 21:12:22,383 [WARN] DbBoards:152 - board STM32H747I-DISCO / document id not found: 4598
2020-06-30 21:12:22,383 [WARN] DbBoards:130 - board STM32H747I-DISC1 has no document id list !
2020-06-30 21:12:22,384 [WARN] DbBoards:152 - board STM32H745I-DISCO / document id not found: 4598
2020-06-30 21:12:22,384 [WARN] DbBoards:152 - board STM32H750B-DK / document id not found: 4598
2020-06-30 21:12:22,384 [WARN] DbBoards:152 - board STM32L4R9I-DISCO / document id not found: 4598
2020-06-30 21:12:22,384 [WARN] DbBoards:130 - board STM32MP157A-DK1 has no document id list !
2020-06-30 21:12:22,385 [WARN] DbBoards:152 - board STM32L562E-DK / document id not found: 4598
2020-06-30 21:12:22,385 [WARN] DbBoards:130 - board STM32091C-EVAL has no document id list !
2020-06-30 21:12:22,385 [WARN] DbBoards:130 - board STM3210C-EVAL has no document id list !
2020-06-30 21:12:22,385 [WARN] DbBoards:130 - board STM32100E-EVAL has no document id list !
2020-06-30 21:12:22,385 [WARN] DbBoards:130 - board STM3221G-EVAL has no document id list !
2020-06-30 21:12:22,385 [WARN] DbBoards:130 - board STM32303C-EVAL has no document id list !
2020-06-30 21:12:22,385 [WARN] DbBoards:130 - board STM32L152D-EVAL has no document id list !
2020-06-30 21:12:22,386 [WARN] DbBoards:130 - board STM32746G-EVAL2 has no document id list !
2020-06-30 21:12:22,386 [WARN] DbBoards:130 - board STM32F779I-EVAL has no document id list !
2020-06-30 21:12:22,386 [WARN] DbBoards:130 - board STM32479I-EVAL has no document id list !
2020-06-30 21:12:22,386 [WARN] DbBoards:130 - board STM32H743I-EVAL2 has no document id list !
2020-06-30 21:12:22,386 [WARN] DbBoards:130 - board STM32H753I-EVAL2 has no document id list !
2020-06-30 21:12:22,387 [WARN] DbBoards:130 - board STM32G474E-EVAL1 has no document id list !
2020-06-30 21:12:22,387 [WARN] DbBoards:130 - board STEVAL-MKSBOX1V1 has no document id list !
2020-06-30 21:12:22,387 [WARN] DbBoards:152 - board STM32H7B3I-DK / document id not found: 4598
2020-06-30 21:12:22,387 [WARN] DbBoards:152 - board STM32H7B3I-EVAL / document id not found: 4596
2020-06-30 21:12:22,960 [ERROR] DbBoards:192 - Image file not found for board P-NUCLEO-WB55: C:\ST\STM32CubeIDE_1.1.0\STM32CubeIDE\plugins\com.st.stm32cube.common.mx_5.4.0.201910091541\\db\/plugins/mcufinder/images/boards/p-nucleo-wb55_small.jpg
2020-06-30 21:12:24,085 [ERROR] DbBoards:192 - Image file not found for board STM32G0316-DISCO: C:\ST\STM32CubeIDE_1.1.0\STM32CubeIDE\plugins\com.st.stm32cube.common.mx_5.4.0.201910091541\\db\/plugins/mcufinder/images/boards/stm32g0316discovery_small.jpg
2020-06-30 21:12:25,658 [ERROR] DbBoards:195 - No image file URL for board STM32H7B3I-DK
2020-06-30 21:12:25,658 [ERROR] DbBoards:195 - No image file URL for board STM32H7B3I-EVAL
2020-06-30 21:12:25,661 [INFO] ApiDb:158 - Load user favorites file C:\Users\andre/.stm32cubeide/favorites.boards.txt: 0 item(s)
2020-06-30 21:12:25,661 [INFO] ApiDb:163 - User favorites Boards=[]
2020-06-30 21:12:25,661 [INFO] DbBoards:209 - Set 0 / 0 favorites Boards
2020-06-30 21:12:25,666 [INFO] DbBoardsDocs:57 - Found 314 boards documents
2020-06-30 21:12:25,667 [INFO] ApiDb:186 - Save user favorites file C:\Users\andre/.stm32cubeide/favorites.boards.txt: 0 item(s)
2020-06-30 21:12:25,667 [INFO] ApiDb:191 - User favorites Boards=[]
2020-06-30 21:12:25,670 [INFO] DbBoardsPdsc:92 - Found 19 items
2020-06-30 21:12:25,671 [INFO] DbBoardsPdsc:92 - Found 9 items
2020-06-30 21:12:25,673 [INFO] DbBoardsPdsc:92 - Found 27 items
2020-06-30 21:12:25,674 [INFO] DbBoardsPdsc:92 - Found 1 items
2020-06-30 21:12:25,676 [INFO] DbBoardsPdsc:92 - Found 38 items
2020-06-30 21:12:25,680 [INFO] DbBoardsPdsc:92 - Found 38 items
2020-06-30 21:12:25,681 [INFO] DbBoardsPdsc:92 - Found 1 items
2020-06-30 21:12:25,692 [INFO] DbBoardsJson:79 - JSON generation date=Tue Feb 11 11:53:55 BRST 2020 (1581429235)
2020-06-30 21:12:25,697 [INFO] DbBoards:120 - Found 137 boards (132 are supported by CubeMX)
2020-06-30 21:12:25,697 [WARN] DbBoards:130 - board NUCLEO-H743ZI2 has no document id list !
2020-06-30 21:12:25,699 [WARN] DbBoards:130 - board P-NUCLEO-WB55-Nucleo has no document id list !
2020-06-30 21:12:25,699 [WARN] DbBoards:130 - board P-NUCLEO-WB55-USBDongle has no document id list !
2020-06-30 21:12:25,699 [WARN] DbBoards:130 - board STM32F401C-DISCO has no document id list !
2020-06-30 21:12:25,700 [WARN] DbBoards:130 - board STM32F769I-DISC1 has no document id list !
2020-06-30 21:12:25,700 [WARN] DbBoards:152 - board STM32F723E-DISCO / document id not found: 4598
2020-06-30 21:12:25,700 [WARN] DbBoards:130 - board STM32L-DISCOVERY has no document id list !
2020-06-30 21:12:25,701 [WARN] DbBoards:152 - board STM32L496G-DISCO / document id not found: 4598
2020-06-30 21:12:25,701 [WARN] DbBoards:152 - board STM32H747I-DISCO / document id not found: 4598
2020-06-30 21:12:25,701 [WARN] DbBoards:130 - board STM32H747I-DISC1 has no document id list !
2020-06-30 21:12:25,701 [WARN] DbBoards:152 - board STM32H745I-DISCO / document id not found: 4598
2020-06-30 21:12:25,701 [WARN] DbBoards:152 - board STM32H750B-DK / document id not found: 4598
2020-06-30 21:12:25,702 [WARN] DbBoards:152 - board STM32L4R9I-DISCO / document id not found: 4598
2020-06-30 21:12:25,702 [WARN] DbBoards:130 - board STM32MP157A-DK1 has no document id list !
2020-06-30 21:12:25,702 [WARN] DbBoards:152 - board STM32L562E-DK / document id not found: 4598
2020-06-30 21:12:25,702 [WARN] DbBoards:130 - board STM32091C-EVAL has no document id list !
2020-06-30 21:12:25,702 [WARN] DbBoards:130 - board STM3210C-EVAL has no document id list !
2020-06-30 21:12:25,702 [WARN] DbBoards:130 - board STM32100E-EVAL has no document id list !
2020-06-30 21:12:25,702 [WARN] DbBoards:130 - board STM3221G-EVAL has no document id list !
2020-06-30 21:12:25,702 [WARN] DbBoards:130 - board STM32303C-EVAL has no document id list !
2020-06-30 21:12:25,702 [WARN] DbBoards:130 - board STM32L152D-EVAL has no document id list !
2020-06-30 21:12:25,702 [WARN] DbBoards:130 - board STM32746G-EVAL2 has no document id list !
2020-06-30 21:12:25,702 [WARN] DbBoards:130 - board STM32F779I-EVAL has no document id list !
2020-06-30 21:12:25,702 [WARN] DbBoards:130 - board STM32479I-EVAL has no document id list !
2020-06-30 21:12:25,703 [WARN] DbBoards:130 - board STM32H743I-EVAL2 has no document id list !
2020-06-30 21:12:25,703 [WARN] DbBoards:130 - board STM32H753I-EVAL2 has no document id list !
2020-06-30 21:12:25,703 [WARN] DbBoards:130 - board STM32G474E-EVAL1 has no document id list !
2020-06-30 21:12:25,703 [WARN] DbBoards:130 - board STEVAL-MKSBOX1V1 has no document id list !
2020-06-30 21:12:25,703 [WARN] DbBoards:152 - board STM32H7B3I-DK / document id not found: 4598
2020-06-30 21:12:25,703 [WARN] DbBoards:152 - board STM32H7B3I-EVAL / document id not found: 4596
2020-06-30 21:12:25,880 [ERROR] DbBoards:192 - Image file not found for board P-NUCLEO-WB55: C:\ST\STM32CubeIDE_1.1.0\STM32CubeIDE\plugins\com.st.stm32cube.common.mx_5.4.0.201910091541\\db\/plugins/mcufinder/images/boards/p-nucleo-wb55_small.jpg
2020-06-30 21:12:26,007 [ERROR] DbBoards:192 - Image file not found for board STM32G0316-DISCO: C:\ST\STM32CubeIDE_1.1.0\STM32CubeIDE\plugins\com.st.stm32cube.common.mx_5.4.0.201910091541\\db\/plugins/mcufinder/images/boards/stm32g0316discovery_small.jpg
2020-06-30 21:12:26,227 [ERROR] DbBoards:195 - No image file URL for board STM32H7B3I-DK
2020-06-30 21:12:26,227 [ERROR] DbBoards:195 - No image file URL for board STM32H7B3I-EVAL
2020-06-30 21:12:26,230 [INFO] ApiDb:158 - Load user favorites file C:\Users\andre/.stm32cubeide/favorites.boards.txt: 0 item(s)
2020-06-30 21:12:26,230 [INFO] ApiDb:163 - User favorites Boards=[]
2020-06-30 21:12:26,230 [INFO] DbBoards:209 - Set 0 / 0 favorites Boards
2020-06-30 21:12:26,382 [INFO] LoadUrlFilesThread:161 - End of LoadServerUrlFiles without Thread
2020-06-30 21:12:26,384 [INFO] McuFilterPanel:282 - Update 0 favorites MCUs
2020-06-30 21:12:26,589 [INFO] LoadUrlFilesThread:161 - End of LoadServerUrlFiles without Thread
2020-06-30 21:12:26,589 [INFO] BoardDetailPanel:179 - Set advertising image to C:/Users/andre/STM32Cube/Repository/\PR_STM32Cube_GitHub_0320_V1.png
2020-06-30 21:12:26,612 [INFO] BoardFilterPanel:211 - Update 0 favorites Boards
2020-06-30 21:12:31,707 [INFO] CrossSelectorPresenter:1319 - Cross Selector saved comparison directory: C:\Users\andre\.stmcufinder\plugins\mcufinder\mcu\cs_comparisons_mx
2020-06-30 21:12:50,889 [INFO] LogOutputStream:76 - [STDOUT_REDIRECT] withoutVersionV1.24.2
2020-06-30 21:12:50,889 [INFO] LogOutputStream:76 - [STDOUT_REDIRECT] withoutVersionV1.24.1
2020-06-30 21:12:50,889 [INFO] LogOutputStream:76 - [STDOUT_REDIRECT] withoutVersionV1.24.0
